/usr/lib/python2.7/dist-packages/pkg_resources.py:1031: UserWarning: /home/ubuntu/.python-eggs is writable by group/others and vulnerable to attack when used with get_resource_filename. Consider a more secure location (set with .set_extraction_path or the PYTHON_EGG_CACHE environment variable).
  warnings.warn(msg, UserWarning)
2016-08-16 09:11:22,561 - Bootstrapper -                                       INFO -                                        Scraping links of Category : Top Selling Free
2016-08-16 09:11:27,451 - Bootstrapper -                                       INFO -                                        Scraping links of Category : Top Selling Paid
2016-08-16 09:11:33,759 - Bootstrapper -                                       INFO -                                        Scraping links of Category : Top Grossing
2016-08-16 09:11:39,291 - Bootstrapper -                                       INFO -                                        Scraping links of Category : Top New Free
2016-08-16 09:11:42,675 - Bootstrapper -                                       INFO -                                        Scraping links of Category : Top New Paid
2016-08-16 09:11:46,469 - Bootstrapper -                                       INFO -                                        Scraping links of Category : Top New Free Games
2016-08-16 09:11:50,438 - Bootstrapper -                                       INFO -                                        Scraping links of Category : Top New Paid Games
2016-08-16 09:11:51,502 - Bootstrapper -                                       INFO -                                        Scraping links of Category : Top Grossing Games
Database Status : {u'syncMillis': 0, u'ok': 1.0, u'err': None, u'writtenTo': None, u'connectionId': 6, u'n': 0}
Traceback (most recent call last):
  File "Bootstrapper.py", line 361, in <module>
    bootstrapper.start_bootstrapping()
  File "Bootstrapper.py", line 350, in start_bootstrapping
    self.crawl_category(top_level_category)
  File "Bootstrapper.py", line 213, in crawl_category
    verify=self._verify_certificate)
  File "/usr/local/lib/python2.7/dist-packages/requests/api.py", line 111, in post
    return request('post', url, data=data, json=json, **kwargs)
  File "/usr/local/lib/python2.7/dist-packages/requests/api.py", line 57, in request
    return session.request(method=method, url=url, **kwargs)
  File "/usr/local/lib/python2.7/dist-packages/requests/sessions.py", line 475, in request
    resp = self.send(prep, **send_kwargs)
  File "/usr/local/lib/python2.7/dist-packages/requests/sessions.py", line 585, in send
    r = adapter.send(request, **kwargs)
  File "/usr/local/lib/python2.7/dist-packages/requests/adapters.py", line 403, in send
    timeout=timeout
  File "/usr/local/lib/python2.7/dist-packages/requests/packages/urllib3/connectionpool.py", line 578, in urlopen
    chunked=chunked)
  File "/usr/local/lib/python2.7/dist-packages/requests/packages/urllib3/connectionpool.py", line 385, in _make_request
    httplib_response = conn.getresponse(buffering=True)
  File "/usr/lib/python2.7/httplib.py", line 1051, in getresponse
    response.begin()
  File "/usr/lib/python2.7/httplib.py", line 415, in begin
    version, status, reason = self._read_status()
  File "/usr/lib/python2.7/httplib.py", line 371, in _read_status
    line = self.fp.readline(_MAXLINE + 1)
  File "/usr/lib/python2.7/socket.py", line 476, in readline
    data = self._sock.recv(self._rbufsize)
  File "/usr/lib/python2.7/ssl.py", line 341, in recv
    return self.read(buflen)
  File "/usr/lib/python2.7/ssl.py", line 260, in read
    return self._sslobj.read(len)
KeyboardInterrupt
/usr/lib/python2.7/dist-packages/pkg_resources.py:1031: UserWarning: /home/ubuntu/.python-eggs is writable by group/others and vulnerable to attack when used with get_resource_filename. Consider a more secure location (set with .set_extraction_path or the PYTHON_EGG_CACHE environment variable).
  warnings.warn(msg, UserWarning)
2016-08-16 09:11:54,480 - Bootstrapper -                                       INFO -                                        Processing: https://play.google.com/store/apps/details?id=com.nianticlabs.pokemongo
2016-08-16 09:11:54,769 - Bootstrapper -                                       INFO -                                        Related Apps: https://play.google.com/store/apps/details?id=com.nianticlabs.pokemongo - 18
2016-08-16 09:11:54,803 - Bootstrapper -                                       INFO -                                        Processing: https://play.google.com/store/apps/details?id=com.facebook.orca
2016-08-16 09:11:55,164 - Bootstrapper -                                       INFO -                                        Related Apps: https://play.google.com/store/apps/details?id=com.facebook.orca - 32
2016-08-16 09:11:55,230 - Bootstrapper -                                       INFO -                                        Processing: https://play.google.com/store/apps/details?id=com.facebook.katana
2016-08-16 09:11:55,661 - Bootstrapper -                                       INFO -                                        Related Apps: https://play.google.com/store/apps/details?id=com.facebook.katana - 32
2016-08-16 09:11:55,699 - Bootstrapper -                                       INFO -                                        Processing: https://play.google.com/store/apps/details?id=com.google.android.apps.youtube.music
2016-08-16 09:11:56,122 - Bootstrapper -                                       INFO -                                        Related Apps: https://play.google.com/store/apps/details?id=com.google.android.apps.youtube.music - 32
2016-08-16 09:11:56,171 - Bootstrapper -                                       INFO -                                        Processing: https://play.google.com/store/apps/details?id=com.snapchat.android
2016-08-16 09:11:56,563 - Bootstrapper -                                       INFO -                                        Related Apps: https://play.google.com/store/apps/details?id=com.snapchat.android - 16
2016-08-16 09:11:56,627 - Bootstrapper -                                       INFO -                                        Processing: https://play.google.com/store/apps/details?id=com.instagram.android
2016-08-16 09:11:57,019 - Bootstrapper -                                       INFO -                                        Related Apps: https://play.google.com/store/apps/details?id=com.instagram.android - 18
2016-08-16 09:11:57,048 - Bootstrapper -                                       INFO -                                        Processing: https://play.google.com/store/apps/details?id=com.gto.zero.zboost
2016-08-16 09:11:57,468 - Bootstrapper -                                       INFO -                                        Related Apps: https://play.google.com/store/apps/details?id=com.gto.zero.zboost - 30
2016-08-16 09:11:57,532 - Bootstrapper -                                       INFO -                                        Processing: https://play.google.com/store/apps/details?id=air.com.nbcuni.com.nbcsports.liveextra
2016-08-16 09:11:57,971 - Bootstrapper -                                       INFO -                                        Related Apps: https://play.google.com/store/apps/details?id=air.com.nbcuni.com.nbcsports.liveextra - 32
2016-08-16 09:11:58,050 - Bootstrapper -                                       INFO -                                        Processing: https://play.google.com/store/apps/details?id=com.pandora.android
2016-08-16 09:11:58,405 - Bootstrapper -                                       INFO -                                        Related Apps: https://play.google.com/store/apps/details?id=com.pandora.android - 18
2016-08-16 09:11:58,428 - Bootstrapper -                                       INFO -                                        Processing: https://play.google.com/store/apps/details?id=com.mercariapp.mercari

0
Database Status : {u'syncMillis': 0, u'ok': 1.0, u'err': None, u'writtenTo': None, u'connectionId': 10, u'n': 0}
Traceback (most recent call last):
  File "Worker.py", line 270, in <module>
    worker.scrape_apps()
  File "Worker.py", line 182, in scrape_apps
    tmp_list = app['Score']
KeyboardInterrupt
